  BattleShip.cpp
  Game.cpp
  MilitaryMenu.cpp
C:\Users\alacourmoreno\source\repos\Shoot_em_up\Shoot_em_up\MilitaryMenu.cpp(38,122): warning C4244: 'argument' : conversion de 'T' en 'float', perte possible de données
          with
          [
              T=unsigned int
          ]
C:\Users\alacourmoreno\source\repos\Shoot_em_up\Shoot_em_up\MilitaryMenu.cpp(57,72): warning C4244: 'argument' : conversion de 'T' en 'float', perte possible de données
          with
          [
              T=unsigned int
          ]
C:\Users\alacourmoreno\source\repos\Shoot_em_up\Shoot_em_up\MilitaryMenu.cpp(58,65): warning C4244: 'argument' : conversion de 'T' en 'float', perte possible de données
          with
          [
              T=unsigned int
          ]
C:\Users\alacourmoreno\source\repos\Shoot_em_up\Shoot_em_up\MilitaryMenu.cpp(59,62): warning C4244: 'argument' : conversion de 'T' en 'float', perte possible de données
          with
          [
              T=unsigned int
          ]
C:\Users\alacourmoreno\source\repos\Shoot_em_up\Shoot_em_up\MilitaryMenu.cpp(112,93): warning C4244: 'argument' : conversion de 'T' en 'T', perte possible de données
          with
          [
              T=int
          ]
          and
          [
              T=float
          ]
C:\Users\alacourmoreno\source\repos\Shoot_em_up\Shoot_em_up\MilitaryMenu.cpp(112,81): warning C4244: 'argument' : conversion de 'T' en 'T', perte possible de données
          with
          [
              T=int
          ]
          and
          [
              T=float
          ]
C:\Users\alacourmoreno\source\repos\Shoot_em_up\Shoot_em_up\MilitaryMenu.cpp(113,97): warning C4244: 'argument' : conversion de 'T' en 'T', perte possible de données
          with
          [
              T=int
          ]
          and
          [
              T=float
          ]
C:\Users\alacourmoreno\source\repos\Shoot_em_up\Shoot_em_up\MilitaryMenu.cpp(113,85): warning C4244: 'argument' : conversion de 'T' en 'T', perte possible de données
          with
          [
              T=int
          ]
          and
          [
              T=float
          ]
C:\Users\alacourmoreno\source\repos\Shoot_em_up\Shoot_em_up\MilitaryMenu.cpp(114,91): warning C4244: 'argument' : conversion de 'T' en 'T', perte possible de données
          with
          [
              T=int
          ]
          and
          [
              T=float
          ]
C:\Users\alacourmoreno\source\repos\Shoot_em_up\Shoot_em_up\MilitaryMenu.cpp(114,79): warning C4244: 'argument' : conversion de 'T' en 'T', perte possible de données
          with
          [
              T=int
          ]
          and
          [
              T=float
          ]
C:\Users\alacourmoreno\source\repos\Shoot_em_up\Shoot_em_up\MilitaryMenu.cpp(117,95): warning C4244: 'argument' : conversion de 'T' en 'T', perte possible de données
          with
          [
              T=int
          ]
          and
          [
              T=float
          ]
C:\Users\alacourmoreno\source\repos\Shoot_em_up\Shoot_em_up\MilitaryMenu.cpp(117,83): warning C4244: 'argument' : conversion de 'T' en 'T', perte possible de données
          with
          [
              T=int
          ]
          and
          [
              T=float
          ]
C:\Users\alacourmoreno\source\repos\Shoot_em_up\Shoot_em_up\MilitaryMenu.cpp(119,91): warning C4244: 'argument' : conversion de 'T' en 'T', perte possible de données
          with
          [
              T=int
          ]
          and
          [
              T=float
          ]
C:\Users\alacourmoreno\source\repos\Shoot_em_up\Shoot_em_up\MilitaryMenu.cpp(119,79): warning C4244: 'argument' : conversion de 'T' en 'T', perte possible de données
          with
          [
              T=int
          ]
          and
          [
              T=float
          ]
C:\Users\alacourmoreno\source\repos\Shoot_em_up\Shoot_em_up\MilitaryMenu.cpp(122,103): warning C4244: 'argument' : conversion de 'T' en 'T', perte possible de données
          with
          [
              T=int
          ]
          and
          [
              T=float
          ]
C:\Users\alacourmoreno\source\repos\Shoot_em_up\Shoot_em_up\MilitaryMenu.cpp(122,91): warning C4244: 'argument' : conversion de 'T' en 'T', perte possible de données
          with
          [
              T=int
          ]
          and
          [
              T=float
          ]
C:\Users\alacourmoreno\source\repos\Shoot_em_up\Shoot_em_up\MilitaryMenu.cpp(123,95): warning C4244: 'argument' : conversion de 'T' en 'T', perte possible de données
          with
          [
              T=int
          ]
          and
          [
              T=float
          ]
C:\Users\alacourmoreno\source\repos\Shoot_em_up\Shoot_em_up\MilitaryMenu.cpp(123,83): warning C4244: 'argument' : conversion de 'T' en 'T', perte possible de données
          with
          [
              T=int
          ]
          and
          [
              T=float
          ]
C:\Users\alacourmoreno\source\repos\Shoot_em_up\Shoot_em_up\MilitaryMenu.cpp(124,91): warning C4244: 'argument' : conversion de 'T' en 'T', perte possible de données
          with
          [
              T=int
          ]
          and
          [
              T=float
          ]
C:\Users\alacourmoreno\source\repos\Shoot_em_up\Shoot_em_up\MilitaryMenu.cpp(124,79): warning C4244: 'argument' : conversion de 'T' en 'T', perte possible de données
          with
          [
              T=int
          ]
          and
          [
              T=float
          ]
C:\Users\alacourmoreno\source\repos\Shoot_em_up\Shoot_em_up\MilitaryMenu.cpp(140,76): warning C4244: 'argument' : conversion de 'T' en 'T', perte possible de données
          with
          [
              T=int
          ]
          and
          [
              T=float
          ]
C:\Users\alacourmoreno\source\repos\Shoot_em_up\Shoot_em_up\MilitaryMenu.cpp(140,64): warning C4244: 'argument' : conversion de 'T' en 'T', perte possible de données
          with
          [
              T=int
          ]
          and
          [
              T=float
          ]
C:\Users\alacourmoreno\source\repos\Shoot_em_up\Shoot_em_up\MilitaryMenu.cpp(141,78): warning C4244: 'argument' : conversion de 'T' en 'T', perte possible de données
          with
          [
              T=int
          ]
          and
          [
              T=float
          ]
C:\Users\alacourmoreno\source\repos\Shoot_em_up\Shoot_em_up\MilitaryMenu.cpp(141,66): warning C4244: 'argument' : conversion de 'T' en 'T', perte possible de données
          with
          [
              T=int
          ]
          and
          [
              T=float
          ]
C:\Users\alacourmoreno\source\repos\Shoot_em_up\Shoot_em_up\MilitaryMenu.cpp(142,75): warning C4244: 'argument' : conversion de 'T' en 'T', perte possible de données
          with
          [
              T=int
          ]
          and
          [
              T=float
          ]
C:\Users\alacourmoreno\source\repos\Shoot_em_up\Shoot_em_up\MilitaryMenu.cpp(142,63): warning C4244: 'argument' : conversion de 'T' en 'T', perte possible de données
          with
          [
              T=int
          ]
          and
          [
              T=float
          ]
C:\Users\alacourmoreno\source\repos\Shoot_em_up\Shoot_em_up\MilitaryMenu.cpp(145,77): warning C4244: 'argument' : conversion de 'T' en 'T', perte possible de données
          with
          [
              T=int
          ]
          and
          [
              T=float
          ]
C:\Users\alacourmoreno\source\repos\Shoot_em_up\Shoot_em_up\MilitaryMenu.cpp(145,65): warning C4244: 'argument' : conversion de 'T' en 'T', perte possible de données
          with
          [
              T=int
          ]
          and
          [
              T=float
          ]
C:\Users\alacourmoreno\source\repos\Shoot_em_up\Shoot_em_up\MilitaryMenu.cpp(146,75): warning C4244: 'argument' : conversion de 'T' en 'T', perte possible de données
          with
          [
              T=int
          ]
          and
          [
              T=float
          ]
C:\Users\alacourmoreno\source\repos\Shoot_em_up\Shoot_em_up\MilitaryMenu.cpp(146,63): warning C4244: 'argument' : conversion de 'T' en 'T', perte possible de données
          with
          [
              T=int
          ]
          and
          [
              T=float
          ]
C:\Users\alacourmoreno\source\repos\Shoot_em_up\Shoot_em_up\MilitaryMenu.cpp(149,81): warning C4244: 'argument' : conversion de 'T' en 'T', perte possible de données
          with
          [
              T=int
          ]
          and
          [
              T=float
          ]
C:\Users\alacourmoreno\source\repos\Shoot_em_up\Shoot_em_up\MilitaryMenu.cpp(149,69): warning C4244: 'argument' : conversion de 'T' en 'T', perte possible de données
          with
          [
              T=int
          ]
          and
          [
              T=float
          ]
C:\Users\alacourmoreno\source\repos\Shoot_em_up\Shoot_em_up\MilitaryMenu.cpp(150,77): warning C4244: 'argument' : conversion de 'T' en 'T', perte possible de données
          with
          [
              T=int
          ]
          and
          [
              T=float
          ]
C:\Users\alacourmoreno\source\repos\Shoot_em_up\Shoot_em_up\MilitaryMenu.cpp(150,65): warning C4244: 'argument' : conversion de 'T' en 'T', perte possible de données
          with
          [
              T=int
          ]
          and
          [
              T=float
          ]
C:\Users\alacourmoreno\source\repos\Shoot_em_up\Shoot_em_up\MilitaryMenu.cpp(151,75): warning C4244: 'argument' : conversion de 'T' en 'T', perte possible de données
          with
          [
              T=int
          ]
          and
          [
              T=float
          ]
C:\Users\alacourmoreno\source\repos\Shoot_em_up\Shoot_em_up\MilitaryMenu.cpp(151,63): warning C4244: 'argument' : conversion de 'T' en 'T', perte possible de données
          with
          [
              T=int
          ]
          and
          [
              T=float
          ]
C:\Users\alacourmoreno\source\repos\Shoot_em_up\Shoot_em_up\MilitaryMenu.cpp(227,62): warning C4244: 'argument' : conversion de 'T' en 'float', perte possible de données
          with
          [
              T=unsigned int
          ]
C:\Users\alacourmoreno\source\repos\Shoot_em_up\Shoot_em_up\MilitaryMenu.cpp(228,59): warning C4244: 'argument' : conversion de 'T' en 'float', perte possible de données
          with
          [
              T=unsigned int
          ]
C:\Users\alacourmoreno\source\repos\Shoot_em_up\Shoot_em_up\MilitaryMenu.cpp(242,76): warning C4244: 'argument' : conversion de 'T' en 'float', perte possible de données
          with
          [
              T=unsigned int
          ]
C:\Users\alacourmoreno\source\repos\Shoot_em_up\Shoot_em_up\MilitaryMenu.cpp(243,72): warning C4244: 'argument' : conversion de 'T' en 'float', perte possible de données
          with
          [
              T=unsigned int
          ]
C:\Users\alacourmoreno\source\repos\Shoot_em_up\Shoot_em_up\MilitaryMenu.cpp(244,61): warning C4244: 'argument' : conversion de 'T' en 'float', perte possible de données
          with
          [
              T=unsigned int
          ]
  Player.cpp
  main.cpp
  Génération de code en cours...
  Shoot_em_up.vcxproj -> C:\Users\alacourmoreno\Source\Repos\Shoot_em_up\x64\Debug\Shoot_em_up.exe
